out
err
keys [ "code", "stdout", "stderr", "stdin", "child", "text" ]
stdout "out\n"
stderr "err\n"
result {
  code: 7,
  stdout: "out\n",
  stderr: "err\n",
  stdin: "",
  child: Subprocess {
    connected: false,
    disconnect: [Function: disconnect],
    exitCode: 7,
    exited: Promise { <resolved> },
    kill: [Function: kill],
    killed: true,
    pid: 22785,
    readable: ReadableStream {
      blob: [Function: blob],
      bytes: [Function: bytes],
      cancel: [Function],
      getReader: [Function],
      json: [Function: json],
      locked: [Getter],
      pipeThrough: [Function],
      pipeTo: [Function],
      tee: [Function],
      text: [Function: text],
      values: [Function: values],
      [Symbol(Symbol.asyncIterator)]: [Function: asyncIterator],
    },
    ref: [Function: ref],
    resourceUsage: [Function: resourceUsage],
    send: [Function: send],
    signalCode: null,
    stderr: ReadableStream {
      blob: [Function: blob],
      bytes: [Function: bytes],
      cancel: [Function],
      getReader: [Function],
      json: [Function: json],
      locked: [Getter],
      pipeThrough: [Function],
      pipeTo: [Function],
      tee: [Function],
      text: [Function: text],
      values: [Function: values],
      [Symbol(Symbol.asyncIterator)]: [Function: asyncIterator],
    },
    stdin: FileSink {
      close: [Function: close],
      flush: [Function: flush],
      end: [Function: end],
      start: [Function: start],
      write: [Function: write],
      ref: [Function: ref],
      unref: [Function: unref],
      _getFd: [Function: _getFd],
      sinkId: 2,
    },
    stdio: [ null, null, null ],
    stdout: ReadableStream {
      blob: [Function: blob],
      bytes: [Function: bytes],
      cancel: [Function],
      getReader: [Function],
      json: [Function: json],
      locked: [Getter],
      pipeThrough: [Function],
      pipeTo: [Function],
      tee: [Function],
      text: [Function: text],
      values: [Function: values],
      [Symbol(Symbol.asyncIterator)]: [Function: asyncIterator],
    },
    terminal: undefined,
    unref: [Function: unref],
    writable: FileSink {
      close: [Function: close],
      flush: [Function: flush],
      end: [Function: end],
      start: [Function: start],
      write: [Function: write],
      ref: [Function: ref],
      unref: [Function: unref],
      _getFd: [Function: _getFd],
      sinkId: 2,
    },
    [Symbol(Symbol.asyncDispose)]: [Function: asyncDispose],
  },
  text: [Function: text],
}
